Build started 8/30/2015 6:48:58 PM.
     1>Project "c:\Users\valentin\documents\visual studio 2013\Projects\SubtitleCorrector\SubtitleCorrector\SubtitleCorrector.vcxproj" on node 2 (Build target(s)).
     1>ClCompile:
         D:\Progs\vs2013_ultimate\VC\bin\CL.exe /c /ZI /nologo /W3 /WX- /Od /Oy- /D WIN32 /D _DEBUG /D _CONSOLE /D _LIB /D _UNICODE /D UNICODE /Gm /EHsc /RTC1 /MDd /GS /fp:precise /Zc:wchar_t /Zc:forScope /Fo"Debug\\" /Fd"Debug\vc120.pdb" /Gd /TP /analyze- /errorReport:prompt SubtitleCorrector.cpp main.cpp
         main.cpp
         SubtitleCorrector.cpp
     1>c:\users\valentin\documents\visual studio 2013\projects\subtitlecorrector\subtitlecorrector\subtitlecorrector.cpp(98): warning C4244: '=' : conversion from 'unsigned __int64' to 'int', possible loss of data
     1>c:\users\valentin\documents\visual studio 2013\projects\subtitlecorrector\subtitlecorrector\subtitlecorrector.cpp(110): warning C4996: 'sscanf': This function or variable may be unsafe. Consider using sscanf_s instead. To disable deprecation, use _CRT_SECURE_NO_WARNINGS. See online help for details.
                 d:\progs\vs2013_ultimate\vc\include\stdio.h(304) : see declaration of 'sscanf'
     1>c:\users\valentin\documents\visual studio 2013\projects\subtitlecorrector\subtitlecorrector\subtitlecorrector.cpp(127): warning C4996: 'sprintf': This function or variable may be unsafe. Consider using sprintf_s instead. To disable deprecation, use _CRT_SECURE_NO_WARNINGS. See online help for details.
                 d:\progs\vs2013_ultimate\vc\include\stdio.h(356) : see declaration of 'sprintf'
     1>c:\users\valentin\documents\visual studio 2013\projects\subtitlecorrector\subtitlecorrector\subtitlecorrector.cpp(136): warning C4018: '<' : signed/unsigned mismatch
     1>c:\users\valentin\documents\visual studio 2013\projects\subtitlecorrector\subtitlecorrector\subtitlecorrector.cpp(145): warning C4996: 'sscanf': This function or variable may be unsafe. Consider using sscanf_s instead. To disable deprecation, use _CRT_SECURE_NO_WARNINGS. See online help for details.
                 d:\progs\vs2013_ultimate\vc\include\stdio.h(304) : see declaration of 'sscanf'
     1>c:\users\valentin\documents\visual studio 2013\projects\subtitlecorrector\subtitlecorrector\subtitlecorrector.cpp(176): warning C4244: '=' : conversion from 'double' to '__int64', possible loss of data
     1>c:\users\valentin\documents\visual studio 2013\projects\subtitlecorrector\subtitlecorrector\subtitlecorrector.cpp(180): warning C4018: '<' : signed/unsigned mismatch
         Generating Code...
       Link:
         D:\Progs\vs2013_ultimate\VC\bin\link.exe /ERRORREPORT:PROMPT /OUT:"c:\users\valentin\documents\visual studio 2013\Projects\SubtitleCorrector\Debug\SubtitleCorrector.exe" /INCREMENTAL /NOLOGO kernel32.lib user32.lib gdi32.lib winspool.lib comdlg32.lib advapi32.lib shell32.lib ole32.lib oleaut32.lib uuid.lib odbc32.lib odbccp32.lib /MANIFEST /MANIFESTUAC:"level='asInvoker' uiAccess='false'" /manifest:embed /DEBUG /PDB:"c:\users\valentin\documents\visual studio 2013\Projects\SubtitleCorrector\Debug\SubtitleCorrector.pdb" /SUBSYSTEM:CONSOLE /TLBID:1 /DYNAMICBASE /NXCOMPAT /IMPLIB:"c:\users\valentin\documents\visual studio 2013\Projects\SubtitleCorrector\Debug\SubtitleCorrector.lib" /MACHINE:X86 Debug\main.obj
         Debug\SubtitleCorrector.obj
         SubtitleCorrector.vcxproj -> c:\users\valentin\documents\visual studio 2013\Projects\SubtitleCorrector\Debug\SubtitleCorrector.exe
     1>Done Building Project "c:\Users\valentin\documents\visual studio 2013\Projects\SubtitleCorrector\SubtitleCorrector\SubtitleCorrector.vcxproj" (Build target(s)).

Build succeeded.

Time Elapsed 00:00:01.35
